<?xml version="1.0" encoding="UTF-8"?>
<!-- Generated by org.testng.reporters.JUnitReportReporter -->
<testsuite skipped="0" hostname="LAPTOP-HD02KI4F" name="org.example.AppTest" tests="3" failures="0" timestamp="2022-01-01T23:05:13 IST" time="0.048" errors="0">
  <testcase name="demo2" time="0.016" classname="org.example.AppTest"/>
  <system-out/>
  <testcase name="demo1" time="0.016" classname="org.example.AppTest"/>
  <system-out/>
  <testcase name="shouldAnswerWithTrue" time="0.016" classname="org.example.AppTest"/>
  <system-out/>
</testsuite> <!-- org.example.AppTest -->
