<?xml version="1.0" encoding="UTF-8"?>
<!-- Generated by org.testng.reporters.JUnitReportReporter -->
<testsuite skipped="0" hostname="LAPTOP-HD02KI4F" name="org.example.InspectingVisibleElements" tests="1" failures="0" timestamp="2022-01-08T16:06:20 IST" time="0.105" errors="0">
  <testcase name="ISpectingElement" time="0.105" classname="org.example.InspectingVisibleElements"/>
  <system-out/>
</testsuite> <!-- org.example.InspectingVisibleElements -->
