<?xml version="1.0" encoding="UTF-8"?>
<!-- Generated by org.testng.reporters.JUnitReportReporter -->
<testsuite skipped="0" hostname="LAPTOP-HD02KI4F" name="org.example.AddingCartTest" tests="1" failures="0" timestamp="2022-01-11T02:26:40 IST" time="3.593" errors="0">
  <testcase name="newWindowOPenTest" time="3.593" classname="org.example.AddingCartTest"/>
  <system-out/>
</testsuite> <!-- org.example.AddingCartTest -->
